[debug] [2021-06-24T11:53:12.121Z] ----------------------------------------------------------------------
[debug] [2021-06-24T11:53:12.123Z] Command:       C:\Program Files\nodejs\node.exe C:\Users\HP\AppData\Roaming\npm\node_modules\firebase-tools\lib\bin\firebase.js init
[debug] [2021-06-24T11:53:12.123Z] CLI Version:   9.14.0
[debug] [2021-06-24T11:53:12.123Z] Platform:      win32
[debug] [2021-06-24T11:53:12.123Z] Node Version:  v15.6.0
[debug] [2021-06-24T11:53:12.124Z] Time:          Thu Jun 24 2021 17:23:12 GMT+0530 (India Standard Time)
[debug] [2021-06-24T11:53:12.124Z] ----------------------------------------------------------------------
[debug] 
[debug] [2021-06-24T11:53:12.129Z] > command requires scopes: ["email","openid","https://www.googleapis.com/auth/cloudplatformprojects.readonly","https://www.googleapis.com/auth/firebase","https://www.googleapis.com/auth/cloud-platform"]
[debug] [2021-06-24T11:53:12.129Z] > authorizing via signed-in user (hackerdevtor@gmail.com)
[info] 
     ######## #### ########  ######## ########     ###     ######  ########
     ##        ##  ##     ## ##       ##     ##  ##   ##  ##       ##
     ######    ##  ########  ######   ########  #########  ######  ######
     ##        ##  ##    ##  ##       ##     ## ##     ##       ## ##
     ##       #### ##     ## ######## ########  ##     ##  ######  ########

You're about to initialize a Firebase project in this directory:

  C:\Users\HP\Desktop\microsoft\ms-teams

[debug] [2021-06-24T11:54:28.567Z] ----------------------------------------------------------------------
[debug] [2021-06-24T11:54:28.569Z] Command:       C:\Program Files\nodejs\node.exe C:\Users\HP\AppData\Roaming\npm\node_modules\firebase-tools\lib\bin\firebase.js init
[debug] [2021-06-24T11:54:28.570Z] CLI Version:   9.14.0
[debug] [2021-06-24T11:54:28.570Z] Platform:      win32
[debug] [2021-06-24T11:54:28.570Z] Node Version:  v15.6.0
[debug] [2021-06-24T11:54:28.570Z] Time:          Thu Jun 24 2021 17:24:28 GMT+0530 (India Standard Time)
[debug] [2021-06-24T11:54:28.571Z] ----------------------------------------------------------------------
[debug] 
[debug] [2021-06-24T11:54:28.576Z] > command requires scopes: ["email","openid","https://www.googleapis.com/auth/cloudplatformprojects.readonly","https://www.googleapis.com/auth/firebase","https://www.googleapis.com/auth/cloud-platform"]
[debug] [2021-06-24T11:54:28.576Z] > authorizing via signed-in user (hackerdevtor@gmail.com)
[info] 
     ######## #### ########  ######## ########     ###     ######  ########
     ##        ##  ##     ## ##       ##     ##  ##   ##  ##       ##
     ######    ##  ########  ######   ########  #########  ######  ######
     ##        ##  ##    ##  ##       ##     ## ##     ##       ## ##
     ##       #### ##     ## ######## ########  ##     ##  ######  ########

You're about to initialize a Firebase project in this directory:

  C:\Users\HP\Desktop\microsoft\ms-teams

